Client/TrollSmarter/app/build/intermediates/manifest_merge_blame_file/release/manifest-merger-blame-release-report.txt
1<?xml version="1.0" encoding="utf-8"?>
2<manifest xmlns:android="http://schemas.android.com/apk/res/android"
3    package="com.example.trollsmarter"
4    android:versionCode="1"
5    android:versionName="1.0" >
6
7    <uses-sdk
8        android:minSdkVersion="21"
8-->src\main\AndroidManifest.xml
9        android:targetSdkVersion="30" />
9-->src\main\AndroidManifest.xml
10
11    <uses-permission android:name="android.permission.ACCESS_FINE_LOCATION" />
11-->src\main\AndroidManifest.xml:27:5-78
11-->src\main\AndroidManifest.xml:27:22-76
12    <uses-permission android:name="android.permission.INTERNET" />
12-->src\main\AndroidManifest.xml:28:5-66
12-->src\main\AndroidManifest.xml:28:22-64
13
14    <application
14-->src\main\AndroidManifest.xml:5:5-26:19
15        android:allowBackup="true"
15-->src\main\AndroidManifest.xml:6:9-35
16        android:appComponentFactory="androidx.core.app.CoreComponentFactory"
16-->[androidx.core:core:1.1.0] AndroidManifest.xml:24:18-86
17        android:icon="@mipmap/ic_launcher"
17-->src\main\AndroidManifest.xml:7:9-43
18        android:label="@string/app_name"
18-->src\main\AndroidManifest.xml:8:9-41
19        android:roundIcon="@mipmap/ic_launcher_round"
19-->src\main\AndroidManifest.xml:9:9-54
20        android:supportsRtl="true"
20-->src\main\AndroidManifest.xml:10:9-35
21        android:theme="@style/AppTheme"
21-->src\main\AndroidManifest.xml:12:9-40
22        android:usesCleartextTraffic="true" >
22-->src\main\AndroidManifest.xml:11:9-44
23        <activity android:name="com.example.trollsmarter.HistoryActivity" />
23-->src\main\AndroidManifest.xml:13:9-62
23-->src\main\AndroidManifest.xml:13:19-50
24        <activity android:name="com.example.trollsmarter.GearActivity" />
24-->src\main\AndroidManifest.xml:14:9-50
24-->src\main\AndroidManifest.xml:14:19-47
25        <activity
25-->src\main\AndroidManifest.xml:15:9-23:20
26            android:name="com.example.trollsmarter.ui.login.LoginActivity"
26-->src\main\AndroidManifest.xml:16:13-51
27            android:label="@string/title_activity_login" >
27-->src\main\AndroidManifest.xml:17:13-57
28            <intent-filter>
28-->src\main\AndroidManifest.xml:18:13-22:29
29                <action android:name="android.intent.action.MAIN" />
29-->src\main\AndroidManifest.xml:19:17-69
29-->src\main\AndroidManifest.xml:19:25-66
30
31                <category android:name="android.intent.category.LAUNCHER" />
31-->src\main\AndroidManifest.xml:21:17-77
31-->src\main\AndroidManifest.xml:21:27-74
32            </intent-filter>
33        </activity>
34        <activity android:name="com.example.trollsmarter.MainActivity" />
34-->src\main\AndroidManifest.xml:24:9-50
34-->src\main\AndroidManifest.xml:24:19-47
35
36        <provider
36-->[androidx.lifecycle:lifecycle-process:2.1.0] AndroidManifest.xml:23:9-27:43
37            android:name="androidx.lifecycle.ProcessLifecycleOwnerInitializer"
37-->[androidx.lifecycle:lifecycle-process:2.1.0] AndroidManifest.xml:24:13-79
38            android:authorities="com.example.trollsmarter.lifecycle-process"
38-->[androidx.lifecycle:lifecycle-process:2.1.0] AndroidManifest.xml:25:13-69
39            android:exported="false"
39-->[androidx.lifecycle:lifecycle-process:2.1.0] AndroidManifest.xml:26:13-37
40            android:multiprocess="true" />
40-->[androidx.lifecycle:lifecycle-process:2.1.0] AndroidManifest.xml:27:13-40
41    </application>
42
43</manifest>